{"level":"high","message":"test message high","createAt":"2024-01-10T22:33:28.174Z","origin":"mongo-log.datasource.test.ts"}
{"level":"low","message":"test message low","createAt":"2024-01-10T22:33:28.174Z","origin":"mongo-log.datasource.test.ts"}
{"level":"medium","message":"test message medium","createAt":"2024-01-10T22:33:28.174Z","origin":"mongo-log.datasource.test.ts"}
{"level":"high","message":"http://gdefefoogle.com is not ok. TypeError: fetch failed","createAt":"2024-01-31T14:10:45.033Z","origin":"check-service.ts"}
{"level":"high","message":"http://gdefefoogle.com is not ok. TypeError: fetch failed","createAt":"2024-01-31T14:10:45.088Z","origin":"check-service.ts"}
{"level":"high","message":"http://gdefefoogle.com is not ok. TypeError: fetch failed","createAt":"2024-01-31T14:12:30.072Z","origin":"check-service.ts"}
{"level":"high","message":"http://gdefefoogle.com is not ok. TypeError: fetch failed","createAt":"2024-01-31T14:13:05.024Z","origin":"check-service.ts"}
{"level":"high","message":"http://gdefefoogle.com is not ok. TypeError: fetch failed","createAt":"2024-01-31T14:13:05.052Z","origin":"check-service.ts"}
{"level":"high","message":"http://gdefefoogle.com is not ok. TypeError: fetch failed","createAt":"2024-01-31T14:16:45.066Z","origin":"check-service.ts"}
{"level":"high","message":"http://gdefefoogle.com is not ok. TypeError: fetch failed","createAt":"2024-01-31T14:27:10.019Z","origin":"check-service.ts"}
{"level":"high","message":"http://gdefefoogle.com is not ok. TypeError: fetch failed","createAt":"2024-01-31T14:27:10.038Z","origin":"check-service.ts"}
{"level":"high","message":"http://gdefefoogle.com is not ok. TypeError: fetch failed","createAt":"2024-01-31T14:27:15.067Z","origin":"check-service.ts"}
{"level":"high","message":"http://gdefefoogle.com is not ok. TypeError: fetch failed","createAt":"2024-01-31T14:27:22.904Z","origin":"check-service.ts"}
{"level":"high","message":"http://gdefefoogle.com is not ok. TypeError: fetch failed","createAt":"2024-01-31T14:27:27.101Z","origin":"check-service.ts"}
{"level":"high","message":"http://gdefefoogle.com is not ok. TypeError: fetch failed","createAt":"2024-01-31T14:27:30.064Z","origin":"check-service.ts"}
{"level":"high","message":"URL A MONITOREAR is not ok. TypeError: Failed to parse URL from URL A MONITOREAR","createAt":"2024-01-31T17:17:05.068Z","origin":"check-service.ts"}
{"level":"high","message":"URL A MONITOREAR is not ok. TypeError: Failed to parse URL from URL A MONITOREAR","createAt":"2024-01-31T17:17:10.006Z","origin":"check-service.ts"}
{"level":"high","message":"URL A MONITOREAR is not ok. TypeError: Failed to parse URL from URL A MONITOREAR","createAt":"2024-01-31T17:17:15.006Z","origin":"check-service.ts"}
{"level":"high","message":"URL A MONITOREAR is not ok. TypeError: Failed to parse URL from URL A MONITOREAR","createAt":"2024-01-31T17:17:20.006Z","origin":"check-service.ts"}
{"level":"high","message":"URL A MONITOREAR is not ok. TypeError: Failed to parse URL from URL A MONITOREAR","createAt":"2024-01-31T17:17:25.004Z","origin":"check-service.ts"}
{"level":"high","message":"URL A MONITOREAR is not ok. TypeError: Failed to parse URL from URL A MONITOREAR","createAt":"2024-01-31T17:17:30.011Z","origin":"check-service.ts"}
